<?xml version="1.0" encoding="UTF-8"?>
<testng-results ignored="0" total="1" passed="1" failed="0" skipped="0">
  <reporter-output>
  </reporter-output>
  <suite started-at="2024-06-21T12:29:02 IST" name="Default suite" finished-at="2024-06-21T12:31:26 IST" duration-ms="144243">
    <groups>
    </groups>
    <test started-at="2024-06-21T12:29:02 IST" name="Default test" finished-at="2024-06-21T12:31:26 IST" duration-ms="144243">
      <class name="seltestng.ESigned">
        <test-method signature="Signiq()[pri:0, instance:seltestng.ESigned@1a482e36]" started-at="2024-06-21T12:29:02 IST" name="Signiq" finished-at="2024-06-21T12:31:26 IST" duration-ms="144184" status="PASS">
          <reporter-output>
          </reporter-output>
        </test-method> <!-- Signiq -->
      </class> <!-- seltestng.ESigned -->
    </test> <!-- Default test -->
  </suite> <!-- Default suite -->
</testng-results>
